[2025-10-30 20:09:11] å¼€å§‹æ¶ˆèå®éªŒ...
å®éªŒç¯å¢ƒ: MINGW64_NT-10.0-19045 LAPTOP-KAQ9STQG 3.3.6-bec3d608-341.x86_64 2023-02-22 08:29 UTC x86_64 Msys
Pythonç‰ˆæœ¬: Python 3.7.16
PyTorchç‰ˆæœ¬: 1.13.1+cpu
----------------------------------------
[2025-10-30 20:09:14] å¼€å§‹è¿è¡Œ: å®Œæ•´æ¨¡å‹ï¼ˆåŸºå‡†ï¼‰
[2025-10-30 23:19:34] å®Œæ•´æ¨¡å‹ï¼ˆåŸºå‡†ï¼‰ è¿è¡ŒæˆåŠŸ
----------------------------------------
[2025-10-30 23:19:34] å¼€å§‹è¿è¡Œ: w/o Global Attention
[2025-10-31 01:37:32] w/o Global Attention è¿è¡ŒæˆåŠŸ
----------------------------------------
[2025-10-31 01:37:32] å¼€å§‹è¿è¡Œ: w/o Gated Fusion
[2025-10-31 03:54:40] w/o Gated Fusion è¿è¡ŒæˆåŠŸ
----------------------------------------
[2025-10-31 03:54:40] å¼€å§‹è¿è¡Œ: w/o Ordered Loss
[2025-10-31 06:12:25] w/o Ordered Loss è¿è¡ŒæˆåŠŸ
----------------------------------------
[2025-10-31 06:12:25] å¼€å§‹è¿è¡Œ: Word-level Only
[2025-10-31 08:34:44] Word-level Only è¿è¡ŒæˆåŠŸ
----------------------------------------
[2025-10-31 08:34:44] å¼€å§‹æ±‡æ€»ç»“æœ...
ÕÒµ½½á¹ûÎÄ¼ş: ablation_results/full_model.csv
ÕÒµ½½á¹ûÎÄ¼ş: ablation_results/without_global_attention.csv
ÕÒµ½½á¹ûÎÄ¼ş: ablation_results/without_gated_fusion.csv
ÕÒµ½½á¹ûÎÄ¼ş: ablation_results/without_ordered_loss.csv
ÕÒµ½½á¹ûÎÄ¼ş: ablation_results/word_level_only.csv

ÏûÈÚÊµÑé»ã×Ü½á¹û£º
       Model Variant  Acc     FS  Macro-F1
    Full HMULSES-DST 0.40 0.5714    0.2045
w/o Global Attention 0.40 0.5714    0.2045
    w/o Gated Fusion 0.40 0.5714    0.2045
    w/o Ordered Loss 0.40 0.5714    0.2045
     Word-level Only 0.47 0.6395    0.3573
[2025-10-31 08:34:45] æ‰€æœ‰å®éªŒå®Œæˆ
